<?xml version="1.0" encoding="UTF-8"?>
<robot generator="Robot 7.1.1 (Python 3.13.1 on win32)" generated="2024-12-12T23:17:51.138750" rpa="false" schemaversion="5">
<suite id="s1" name="testDemo2" source="C:\Users\dell\PycharmProjects\RobotFramework\tests\testDemo2.robot">
<test id="s1-t1" name="Validate Successful Login" line="14">
<kw name="open the browser with Mortgage payment url" owner="resource" type="SETUP">
<kw name="Create Webdriver" owner="SeleniumLibrary">
<msg time="2024-12-12T23:17:51.432823" level="INFO">Creating an instance of the Chrome WebDriver.</msg>
<arg>Chrome</arg>
<doc>Creates an instance of Selenium WebDriver.</doc>
<status status="PASS" start="2024-12-12T23:17:51.432669" elapsed="1.996591"/>
</kw>
<kw name="Go To" owner="SeleniumLibrary">
<msg time="2024-12-12T23:17:53.429555" level="INFO">Opening url 'https://rahulshettyacademy.com/loginpagePractise/'</msg>
<arg>https://rahulshettyacademy.com/loginpagePractise/</arg>
<doc>Navigates the current browser window to the provided ``url``.</doc>
<status status="PASS" start="2024-12-12T23:17:53.429439" elapsed="0.404695"/>
</kw>
<status status="PASS" start="2024-12-12T23:17:51.431932" elapsed="2.402427"/>
</kw>
<kw name="Fill the login form">
<kw name="Input Text" owner="SeleniumLibrary">
<msg time="2024-12-12T23:17:53.835755" level="INFO">Typing text 'rahulshettyacademy' into text field 'id:username'.</msg>
<arg>id:username</arg>
<arg>${user_name}</arg>
<doc>Types the given ``text`` into the text field identified by ``locator``.</doc>
<status status="PASS" start="2024-12-12T23:17:53.835349" elapsed="0.204018"/>
</kw>
<kw name="Input Password" owner="SeleniumLibrary">
<msg time="2024-12-12T23:17:54.039826" level="INFO">Typing password into text field 'id:password'.</msg>
<msg time="2024-12-12T23:17:54.072490" level="INFO">Temporally setting log level to: NONE</msg>
<arg>id:password</arg>
<arg>${invalid_password}</arg>
<doc>Types the given password into the text field identified by ``locator``.</doc>
<status status="PASS" start="2024-12-12T23:17:54.039537" elapsed="0.102680"/>
</kw>
<kw name="Click Button" owner="SeleniumLibrary">
<msg time="2024-12-12T23:17:54.142505" level="INFO">Clicking button 'signInBtn'.</msg>
<arg>signInBtn</arg>
<doc>Clicks the button identified by ``locator``.</doc>
<status status="PASS" start="2024-12-12T23:17:54.142369" elapsed="0.081252"/>
</kw>
<status status="PASS" start="2024-12-12T23:17:53.834954" elapsed="0.388766"/>
</kw>
<kw name="wait until it checks and displays error message">
<kw name="Wait Until Element Is Visible" owner="SeleniumLibrary">
<arg>css:.alert-danger</arg>
<doc>Waits until the element ``locator`` is visible.</doc>
<status status="PASS" start="2024-12-12T23:17:54.224192" elapsed="2.211622"/>
</kw>
<status status="PASS" start="2024-12-12T23:17:54.224009" elapsed="2.211937"/>
</kw>
<kw name="verify error message is correct">
<kw name="Get Text" owner="SeleniumLibrary">
<msg time="2024-12-12T23:17:56.452125" level="INFO">${result} = Incorrect username/password.</msg>
<var>${result}</var>
<arg>${Error_message_login}</arg>
<doc>Returns the text value of the element identified by ``locator``.</doc>
<status status="PASS" start="2024-12-12T23:17:56.436693" elapsed="0.015489"/>
</kw>
<kw name="Should Be Equal As Strings" owner="BuiltIn">
<arg>${result}</arg>
<arg>Incorrect username/password.</arg>
<doc>Fails if objects are unequal after converting them to strings.</doc>
<status status="PASS" start="2024-12-12T23:17:56.452370" elapsed="0.000368"/>
</kw>
<status status="PASS" start="2024-12-12T23:17:56.436412" elapsed="0.016550"/>
</kw>
<kw name="Close Browser Session" owner="resource" type="TEARDOWN">
<kw name="Close Browser" owner="SeleniumLibrary">
<doc>Closes the current browser.</doc>
<status status="PASS" start="2024-12-12T23:17:56.453740" elapsed="2.336152"/>
</kw>
<status status="PASS" start="2024-12-12T23:17:56.453491" elapsed="2.336701"/>
</kw>
<status status="PASS" start="2024-12-12T23:17:51.431077" elapsed="7.359698"/>
</test>
<doc>To validate the login form</doc>
<status status="PASS" start="2024-12-12T23:17:51.140195" elapsed="7.652504"/>
</suite>
<statistics>
<total>
<stat pass="1" fail="0" skip="0">All Tests</stat>
</total>
<tag>
</tag>
<suite>
<stat pass="1" fail="0" skip="0" id="s1" name="testDemo2">testDemo2</stat>
</suite>
</statistics>
<errors>
</errors>
</robot>
