<?xml version="1.0" encoding="UTF-8"?>
<robot generator="Robot 7.1.1 (Python 3.13.1 on win32)" generated="2024-12-15T01:06:40.951356" rpa="false" schemaversion="5">
<suite id="s1" name="testDemo3" source="C:\Users\dell\PycharmProjects\RobotFramework\tests\testDemo3.robot">
<test id="s1-t1" name="Validate child window functionality" line="17">
<kw name="open the browser with Mortgage payment url" owner="resource" type="SETUP">
<kw name="Create Webdriver" owner="SeleniumLibrary">
<msg time="2024-12-15T01:06:41.150944" level="INFO">Creating an instance of the Chrome WebDriver.</msg>
<arg>Chrome</arg>
<doc>Creates an instance of Selenium WebDriver.</doc>
<status status="PASS" start="2024-12-15T01:06:41.150847" elapsed="1.439686"/>
</kw>
<kw name="Go To" owner="SeleniumLibrary">
<msg time="2024-12-15T01:06:42.590860" level="INFO">Opening url 'https://rahulshettyacademy.com/loginpagePractise/'</msg>
<arg>${url}</arg>
<doc>Navigates the current browser window to the provided ``url``.</doc>
<status status="PASS" start="2024-12-15T01:06:42.590714" elapsed="0.333362"/>
</kw>
<status status="PASS" start="2024-12-15T01:06:41.150411" elapsed="1.773841"/>
</kw>
<kw name="Click link to open child window">
<kw name="Click Element" owner="SeleniumLibrary">
<msg time="2024-12-15T01:06:42.925372" level="INFO">Clicking element 'css:.blinkingText'.</msg>
<arg>css:.blinkingText</arg>
<doc>Click the element identified by ``locator``.</doc>
<status status="PASS" start="2024-12-15T01:06:42.925024" elapsed="0.109123"/>
</kw>
<kw name="Sleep" owner="BuiltIn">
<msg time="2024-12-15T01:06:48.035390" level="INFO">Slept 5 seconds.</msg>
<arg>5</arg>
<doc>Pauses the test executed for the given time.</doc>
<status status="PASS" start="2024-12-15T01:06:43.034606" elapsed="5.000975"/>
</kw>
<status status="PASS" start="2024-12-15T01:06:42.924682" elapsed="5.111119"/>
</kw>
<kw name="Verify that user has switched to child window">
<kw name="Switch Window" owner="SeleniumLibrary">
<arg>NEW</arg>
<doc>Switches to browser window matching ``locator``.</doc>
<status status="PASS" start="2024-12-15T01:06:48.037375" elapsed="0.021939"/>
</kw>
<kw name="Element Text Should Be" owner="SeleniumLibrary">
<msg time="2024-12-15T01:06:48.059907" level="INFO">Verifying element 'css:h1' contains exact text 'DOCUMENTS REQUEST'.</msg>
<arg>css:h1</arg>
<arg>DOCUMENTS REQUEST</arg>
<doc>Verifies that element ``locator`` contains exact the text ``expected``.</doc>
<status status="PASS" start="2024-12-15T01:06:48.059606" elapsed="0.019788"/>
</kw>
<status status="PASS" start="2024-12-15T01:06:48.036712" elapsed="0.042809"/>
</kw>
<kw name="Get email on the child window">
<kw name="Get Text" owner="SeleniumLibrary">
<msg time="2024-12-15T01:06:48.093765" level="INFO">${WholeText} = Please email us at mentor@rahulshettyacademy.com with below template to receive response</msg>
<var>${WholeText}</var>
<arg>css:.red</arg>
<doc>Returns the text value of the element identified by ``locator``.</doc>
<status status="PASS" start="2024-12-15T01:06:48.080365" elapsed="0.013448"/>
</kw>
<kw name="Split String" owner="String">
<msg time="2024-12-15T01:06:48.094247" level="INFO">@{SplitString1} = [ Please email us  |  mentor@rahulshettyacademy.com with below templ | e to receive response ]</msg>
<var>@{SplitString1}</var>
<arg>${WholeText}</arg>
<arg>at</arg>
<doc>Splits the ``string`` using ``separator`` as a delimiter string.</doc>
<status status="PASS" start="2024-12-15T01:06:48.094009" elapsed="0.000267"/>
</kw>
<kw name="Get From List" owner="Collections">
<msg time="2024-12-15T01:06:48.094536" level="INFO">${SplitText1} =  mentor@rahulshettyacademy.com with below templ</msg>
<var>${SplitText1}</var>
<arg>${SplitString1}</arg>
<arg>1</arg>
<doc>Returns the value specified with an ``index`` from ``list``.</doc>
<status status="PASS" start="2024-12-15T01:06:48.094390" elapsed="0.000172"/>
</kw>
<kw name="Log" owner="BuiltIn">
<msg time="2024-12-15T01:06:48.094804" level="INFO"> mentor@rahulshettyacademy.com with below templ</msg>
<arg>${SplitText1}</arg>
<doc>Logs the given message with the given level.</doc>
<status status="PASS" start="2024-12-15T01:06:48.094678" elapsed="0.000170"/>
</kw>
<kw name="Split String" owner="String">
<msg time="2024-12-15T01:06:48.095184" level="INFO">@{SplitString2} = [ mentor@rahulshettyacademy.com | with | below | templ ]</msg>
<var>@{SplitString2}</var>
<arg>${SplitText1}</arg>
<doc>Splits the ``string`` using ``separator`` as a delimiter string.</doc>
<status status="PASS" start="2024-12-15T01:06:48.094946" elapsed="0.000265"/>
</kw>
<kw name="Get From List" owner="Collections">
<msg time="2024-12-15T01:06:48.095469" level="INFO">${email} = mentor@rahulshettyacademy.com</msg>
<var>${email}</var>
<arg>${SplitString2}</arg>
<arg>0</arg>
<doc>Returns the value specified with an ``index`` from ``list``.</doc>
<status status="PASS" start="2024-12-15T01:06:48.095322" elapsed="0.000172"/>
</kw>
<kw name="Set Global Variable" owner="BuiltIn">
<msg time="2024-12-15T01:06:48.095804" level="INFO">${email} = mentor@rahulshettyacademy.com</msg>
<arg>${email}</arg>
<doc>Makes a variable available globally in all tests and suites.</doc>
<status status="PASS" start="2024-12-15T01:06:48.095608" elapsed="0.000236"/>
</kw>
<kw name="Log" owner="BuiltIn">
<msg time="2024-12-15T01:06:48.096066" level="INFO">mentor@rahulshettyacademy.com</msg>
<arg>${email}</arg>
<doc>Logs the given message with the given level.</doc>
<status status="PASS" start="2024-12-15T01:06:48.095941" elapsed="0.000168"/>
</kw>
<status status="PASS" start="2024-12-15T01:06:48.080071" elapsed="0.016108"/>
</kw>
<kw name="Switch to parent window and enter the email">
<kw name="Switch Window" owner="SeleniumLibrary">
<arg>MAIN</arg>
<doc>Switches to browser window matching ``locator``.</doc>
<status status="PASS" start="2024-12-15T01:06:48.096818" elapsed="0.014113"/>
</kw>
<kw name="Title Should Be" owner="SeleniumLibrary">
<msg time="2024-12-15T01:06:48.118385" level="INFO">Page title is 'LoginPage Practise | Rahul Shetty Academy'.</msg>
<arg>LoginPage Practise | Rahul Shetty Academy</arg>
<doc>Verifies that the current page title equals ``title``.</doc>
<status status="PASS" start="2024-12-15T01:06:48.111127" elapsed="0.007370"/>
</kw>
<kw name="Input Text" owner="SeleniumLibrary">
<msg time="2024-12-15T01:06:48.118921" level="INFO">Typing text 'mentor@rahulshettyacademy.com' into text field 'id:username'.</msg>
<arg>id:username</arg>
<arg>${email}</arg>
<doc>Types the given ``text`` into the text field identified by ``locator``.</doc>
<status status="PASS" start="2024-12-15T01:06:48.118674" elapsed="0.140103"/>
</kw>
<kw name="Sleep" owner="BuiltIn">
<msg time="2024-12-15T01:06:53.259501" level="INFO">Slept 5 seconds.</msg>
<arg>5</arg>
<doc>Pauses the test executed for the given time.</doc>
<status status="PASS" start="2024-12-15T01:06:48.258967" elapsed="5.000649"/>
</kw>
<status status="PASS" start="2024-12-15T01:06:48.096570" elapsed="5.163157"/>
</kw>
<status status="PASS" start="2024-12-15T01:06:41.149799" elapsed="12.110684"/>
</test>
<doc>To validate the login form</doc>
<status status="PASS" start="2024-12-15T01:06:40.952557" elapsed="12.309173"/>
</suite>
<statistics>
<total>
<stat pass="1" fail="0" skip="0">All Tests</stat>
</total>
<tag>
</tag>
<suite>
<stat pass="1" fail="0" skip="0" id="s1" name="testDemo3">testDemo3</stat>
</suite>
</statistics>
<errors>
</errors>
</robot>
