<?xml version="1.0" encoding="UTF-8"?>
<robot generator="Robot 7.1.1 (Python 3.13.1 on win32)" generated="2024-12-16T00:13:46.694813" rpa="false" schemaversion="5">
<suite id="s1" name="testDemo5" source="C:\Users\dell\PycharmProjects\RobotFramework\tests\testDemo5.robot">
<test id="s1-t1" name="Invalid username" line="13">
<kw name="Validate Successful Login">
<kw name="open the browser with Mortgage payment url">
<kw name="Create Webdriver" owner="SeleniumLibrary">
<msg time="2024-12-16T00:13:46.911184" level="INFO">Creating an instance of the Chrome WebDriver.</msg>
<arg>Chrome</arg>
<doc>Creates an instance of Selenium WebDriver.</doc>
<status status="PASS" start="2024-12-16T00:13:46.911081" elapsed="1.415272"/>
</kw>
<kw name="Go To" owner="SeleniumLibrary">
<msg time="2024-12-16T00:13:48.326646" level="INFO">Opening url 'https://rahulshettyacademy.com/loginpagePractise/'</msg>
<arg>https://rahulshettyacademy.com/loginpagePractise/</arg>
<doc>Navigates the current browser window to the provided ``url``.</doc>
<status status="PASS" start="2024-12-16T00:13:48.326533" elapsed="0.368279"/>
</kw>
<status status="PASS" start="2024-12-16T00:13:46.910668" elapsed="1.784382"/>
</kw>
<kw name="Fill the login form">
<kw name="Input Text" owner="SeleniumLibrary">
<msg time="2024-12-16T00:13:48.696212" level="INFO">Typing text 'dsahed' into text field 'id:username'.</msg>
<arg>id:username</arg>
<arg>${user_name}</arg>
<doc>Types the given ``text`` into the text field identified by ``locator``.</doc>
<status status="PASS" start="2024-12-16T00:13:48.695809" elapsed="0.135687"/>
</kw>
<kw name="Input Password" owner="SeleniumLibrary">
<msg time="2024-12-16T00:13:48.831938" level="INFO">Typing password into text field 'id:password'.</msg>
<msg time="2024-12-16T00:13:48.868076" level="INFO">Temporally setting log level to: NONE</msg>
<arg>id:password</arg>
<arg>${password}</arg>
<doc>Types the given password into the text field identified by ``locator``.</doc>
<status status="PASS" start="2024-12-16T00:13:48.831676" elapsed="0.096153"/>
</kw>
<kw name="Click Button" owner="SeleniumLibrary">
<msg time="2024-12-16T00:13:48.928197" level="INFO">Clicking button 'signInBtn'.</msg>
<arg>signInBtn</arg>
<doc>Clicks the button identified by ``locator``.</doc>
<status status="PASS" start="2024-12-16T00:13:48.927977" elapsed="0.068610"/>
</kw>
<arg>${user_name}</arg>
<arg>${password}</arg>
<status status="PASS" start="2024-12-16T00:13:48.695319" elapsed="0.301384"/>
</kw>
<kw name="wait until it checks and displays error message">
<kw name="Wait Until Element Is Visible" owner="SeleniumLibrary">
<arg>css:.alert-danger</arg>
<doc>Waits until the element ``locator`` is visible.</doc>
<status status="PASS" start="2024-12-16T00:13:48.997073" elapsed="2.005593"/>
</kw>
<status status="PASS" start="2024-12-16T00:13:48.996850" elapsed="2.005999"/>
</kw>
<kw name="verify error message is correct">
<kw name="Get Text" owner="SeleniumLibrary">
<msg time="2024-12-16T00:13:51.019462" level="INFO">${result} = Incorrect username/password.</msg>
<var>${result}</var>
<arg>${Error_message_login}</arg>
<doc>Returns the text value of the element identified by ``locator``.</doc>
<status status="PASS" start="2024-12-16T00:13:51.003625" elapsed="0.015914"/>
</kw>
<kw name="Should Be Equal As Strings" owner="BuiltIn">
<arg>${result}</arg>
<arg>Incorrect username/password.</arg>
<doc>Fails if objects are unequal after converting them to strings.</doc>
<status status="PASS" start="2024-12-16T00:13:51.019747" elapsed="0.000217"/>
</kw>
<status status="PASS" start="2024-12-16T00:13:51.003112" elapsed="0.016934"/>
</kw>
<arg>user_name=dsahed</arg>
<arg>password=learning</arg>
<status status="PASS" start="2024-12-16T00:13:46.910415" elapsed="4.109670"/>
</kw>
<status status="PASS" start="2024-12-16T00:13:46.909346" elapsed="4.110995"/>
</test>
<test id="s1-t2" name="Invalid password" line="13">
<kw name="Validate Successful Login">
<kw name="open the browser with Mortgage payment url">
<kw name="Create Webdriver" owner="SeleniumLibrary">
<msg time="2024-12-16T00:13:51.022375" level="INFO">Creating an instance of the Chrome WebDriver.</msg>
<arg>Chrome</arg>
<doc>Creates an instance of Selenium WebDriver.</doc>
<status status="PASS" start="2024-12-16T00:13:51.022283" elapsed="1.401745"/>
</kw>
<kw name="Go To" owner="SeleniumLibrary">
<msg time="2024-12-16T00:13:52.424276" level="INFO">Opening url 'https://rahulshettyacademy.com/loginpagePractise/'</msg>
<arg>https://rahulshettyacademy.com/loginpagePractise/</arg>
<doc>Navigates the current browser window to the provided ``url``.</doc>
<status status="PASS" start="2024-12-16T00:13:52.424180" elapsed="0.343295"/>
</kw>
<status status="PASS" start="2024-12-16T00:13:51.022130" elapsed="1.745521"/>
</kw>
<kw name="Fill the login form">
<kw name="Input Text" owner="SeleniumLibrary">
<msg time="2024-12-16T00:13:52.768453" level="INFO">Typing text 'rahulshetty' into text field 'id:username'.</msg>
<arg>id:username</arg>
<arg>${user_name}</arg>
<doc>Types the given ``text`` into the text field identified by ``locator``.</doc>
<status status="PASS" start="2024-12-16T00:13:52.768266" elapsed="0.139506"/>
</kw>
<kw name="Input Password" owner="SeleniumLibrary">
<msg time="2024-12-16T00:13:52.908307" level="INFO">Typing password into text field 'id:password'.</msg>
<msg time="2024-12-16T00:13:52.934754" level="INFO">Temporally setting log level to: NONE</msg>
<arg>id:password</arg>
<arg>${password}</arg>
<doc>Types the given password into the text field identified by ``locator``.</doc>
<status status="PASS" start="2024-12-16T00:13:52.908027" elapsed="0.077149"/>
</kw>
<kw name="Click Button" owner="SeleniumLibrary">
<msg time="2024-12-16T00:13:52.985483" level="INFO">Clicking button 'signInBtn'.</msg>
<arg>signInBtn</arg>
<doc>Clicks the button identified by ``locator``.</doc>
<status status="PASS" start="2024-12-16T00:13:52.985333" elapsed="0.062341"/>
</kw>
<arg>${user_name}</arg>
<arg>${password}</arg>
<status status="PASS" start="2024-12-16T00:13:52.767858" elapsed="0.279962"/>
</kw>
<kw name="wait until it checks and displays error message">
<kw name="Wait Until Element Is Visible" owner="SeleniumLibrary">
<arg>css:.alert-danger</arg>
<doc>Waits until the element ``locator`` is visible.</doc>
<status status="PASS" start="2024-12-16T00:13:53.048259" elapsed="2.004345"/>
</kw>
<status status="PASS" start="2024-12-16T00:13:53.048008" elapsed="2.004685"/>
</kw>
<kw name="verify error message is correct">
<kw name="Get Text" owner="SeleniumLibrary">
<msg time="2024-12-16T00:13:55.068199" level="INFO">${result} = Incorrect username/password.</msg>
<var>${result}</var>
<arg>${Error_message_login}</arg>
<doc>Returns the text value of the element identified by ``locator``.</doc>
<status status="PASS" start="2024-12-16T00:13:55.053006" elapsed="0.015235"/>
</kw>
<kw name="Should Be Equal As Strings" owner="BuiltIn">
<arg>${result}</arg>
<arg>Incorrect username/password.</arg>
<doc>Fails if objects are unequal after converting them to strings.</doc>
<status status="PASS" start="2024-12-16T00:13:55.068396" elapsed="0.000186"/>
</kw>
<status status="PASS" start="2024-12-16T00:13:55.052812" elapsed="0.015831"/>
</kw>
<arg>user_name=rahulshetty</arg>
<arg>password=psjfrhf</arg>
<status status="PASS" start="2024-12-16T00:13:51.021930" elapsed="4.046760"/>
</kw>
<status status="PASS" start="2024-12-16T00:13:51.020884" elapsed="4.048095"/>
</test>
<test id="s1-t3" name="special characters" line="13">
<kw name="Validate Successful Login">
<kw name="open the browser with Mortgage payment url">
<kw name="Create Webdriver" owner="SeleniumLibrary">
<msg time="2024-12-16T00:13:55.071176" level="INFO">Creating an instance of the Chrome WebDriver.</msg>
<arg>Chrome</arg>
<doc>Creates an instance of Selenium WebDriver.</doc>
<status status="PASS" start="2024-12-16T00:13:55.071060" elapsed="1.413334"/>
</kw>
<kw name="Go To" owner="SeleniumLibrary">
<msg time="2024-12-16T00:13:56.484692" level="INFO">Opening url 'https://rahulshettyacademy.com/loginpagePractise/'</msg>
<arg>https://rahulshettyacademy.com/loginpagePractise/</arg>
<doc>Navigates the current browser window to the provided ``url``.</doc>
<status status="PASS" start="2024-12-16T00:13:56.484561" elapsed="0.302862"/>
</kw>
<status status="PASS" start="2024-12-16T00:13:55.070827" elapsed="1.716781"/>
</kw>
<kw name="Fill the login form">
<kw name="Input Text" owner="SeleniumLibrary">
<msg time="2024-12-16T00:13:56.788394" level="INFO">Typing text '@#$' into text field 'id:username'.</msg>
<arg>id:username</arg>
<arg>${user_name}</arg>
<doc>Types the given ``text`` into the text field identified by ``locator``.</doc>
<status status="PASS" start="2024-12-16T00:13:56.788240" elapsed="0.129392"/>
</kw>
<kw name="Input Password" owner="SeleniumLibrary">
<msg time="2024-12-16T00:13:56.918164" level="INFO">Typing password into text field 'id:password'.</msg>
<msg time="2024-12-16T00:13:56.951468" level="INFO">Temporally setting log level to: NONE</msg>
<arg>id:password</arg>
<arg>${password}</arg>
<doc>Types the given password into the text field identified by ``locator``.</doc>
<status status="PASS" start="2024-12-16T00:13:56.917927" elapsed="0.094963"/>
</kw>
<kw name="Click Button" owner="SeleniumLibrary">
<msg time="2024-12-16T00:13:57.013289" level="INFO">Clicking button 'signInBtn'.</msg>
<arg>signInBtn</arg>
<doc>Clicks the button identified by ``locator``.</doc>
<status status="PASS" start="2024-12-16T00:13:57.013124" elapsed="0.060804"/>
</kw>
<arg>${user_name}</arg>
<arg>${password}</arg>
<status status="PASS" start="2024-12-16T00:13:56.787810" elapsed="0.286216"/>
</kw>
<kw name="wait until it checks and displays error message">
<kw name="Wait Until Element Is Visible" owner="SeleniumLibrary">
<arg>css:.alert-danger</arg>
<doc>Waits until the element ``locator`` is visible.</doc>
<status status="PASS" start="2024-12-16T00:13:57.074360" elapsed="2.018842"/>
</kw>
<status status="PASS" start="2024-12-16T00:13:57.074155" elapsed="2.019183"/>
</kw>
<kw name="verify error message is correct">
<kw name="Get Text" owner="SeleniumLibrary">
<msg time="2024-12-16T00:13:59.113768" level="INFO">${result} = Incorrect username/password.</msg>
<var>${result}</var>
<arg>${Error_message_login}</arg>
<doc>Returns the text value of the element identified by ``locator``.</doc>
<status status="PASS" start="2024-12-16T00:13:59.093801" elapsed="0.020004"/>
</kw>
<kw name="Should Be Equal As Strings" owner="BuiltIn">
<arg>${result}</arg>
<arg>Incorrect username/password.</arg>
<doc>Fails if objects are unequal after converting them to strings.</doc>
<status status="PASS" start="2024-12-16T00:13:59.113959" elapsed="0.000165"/>
</kw>
<status status="PASS" start="2024-12-16T00:13:59.093512" elapsed="0.020668"/>
</kw>
<arg>user_name=@#$</arg>
<arg>password=learning</arg>
<status status="PASS" start="2024-12-16T00:13:55.070507" elapsed="4.043708"/>
</kw>
<status status="PASS" start="2024-12-16T00:13:55.069479" elapsed="4.044940"/>
</test>
<doc>To validate the login form</doc>
<status status="PASS" start="2024-12-16T00:13:46.695991" elapsed="12.419129"/>
</suite>
<statistics>
<total>
<stat pass="3" fail="0" skip="0">All Tests</stat>
</total>
<tag>
</tag>
<suite>
<stat pass="3" fail="0" skip="0" id="s1" name="testDemo5">testDemo5</stat>
</suite>
</statistics>
<errors>
</errors>
</robot>
