<?xml version="1.0" encoding="UTF-8"?>
<robot generator="Robot 7.1.1 (Python 3.13.1 on win32)" generated="2024-12-29T22:11:09.598818" rpa="false" schemaversion="5">
<suite id="s1" name="testDemo6" source="C:\Users\dell\PycharmProjects\RobotFramework\tests\testDemo6.robot">
<test id="s1-t1" name="Validate Cards displayed in the shopping page" line="25">
<kw name="open the browser with Mortgage payment url" owner="Generic" type="SETUP">
<kw name="Create Webdriver" owner="SeleniumLibrary">
<msg time="2024-12-29T22:11:09.915060" level="INFO">Creating an instance of the Chrome WebDriver.</msg>
<arg>Chrome</arg>
<doc>Creates an instance of Selenium WebDriver.</doc>
<status status="PASS" start="2024-12-29T22:11:09.914933" elapsed="1.430650"/>
</kw>
<kw name="Go To" owner="SeleniumLibrary">
<msg time="2024-12-29T22:11:11.345911" level="INFO">Opening url 'https://rahulshettyacademy.com/loginpagePractise/'</msg>
<arg>${url}</arg>
<doc>Navigates the current browser window to the provided ``url``.</doc>
<status status="PASS" start="2024-12-29T22:11:11.345770" elapsed="0.952051"/>
</kw>
<status status="PASS" start="2024-12-29T22:11:09.914497" elapsed="2.383491"/>
</kw>
<kw name="Fill the login form" owner="LandingPage">
<kw name="Input Text" owner="SeleniumLibrary">
<msg time="2024-12-29T22:11:12.299011" level="INFO">Typing text 'rahulshettyacademy' into text field 'id:username'.</msg>
<arg>id:username</arg>
<arg>${username}</arg>
<doc>Types the given ``text`` into the text field identified by ``locator``.</doc>
<status status="PASS" start="2024-12-29T22:11:12.298744" elapsed="0.146134"/>
</kw>
<kw name="Input Password" owner="SeleniumLibrary">
<msg time="2024-12-29T22:11:12.445258" level="INFO">Typing password into text field 'id:password'.</msg>
<msg time="2024-12-29T22:11:12.469957" level="INFO">Temporally setting log level to: NONE</msg>
<arg>id:password</arg>
<arg>${password}</arg>
<doc>Types the given password into the text field identified by ``locator``.</doc>
<status status="PASS" start="2024-12-29T22:11:12.445058" elapsed="0.080048"/>
</kw>
<kw name="Click Button" owner="SeleniumLibrary">
<msg time="2024-12-29T22:11:12.525418" level="INFO">Clicking button 'signInBtn'.</msg>
<arg>signInBtn</arg>
<doc>Clicks the button identified by ``locator``.</doc>
<status status="PASS" start="2024-12-29T22:11:12.525272" elapsed="0.058254"/>
</kw>
<kw name="Maximize Browser Window" owner="SeleniumLibrary">
<doc>Maximizes current browser window.</doc>
<status status="PASS" start="2024-12-29T22:11:12.583679" elapsed="0.029612"/>
</kw>
<arg>${user_name}</arg>
<arg>${valid_password}</arg>
<status status="PASS" start="2024-12-29T22:11:12.298469" elapsed="0.314920"/>
</kw>
<kw name="Wait until element is located on the page" owner="ShopPage">
<kw name="Wait until element passed is located on page" owner="Generic">
<kw name="Wait Until Element Is Visible" owner="SeleniumLibrary">
<arg>${page_locator}</arg>
<doc>Waits until the element ``locator`` is visible.</doc>
<status status="PASS" start="2024-12-29T22:11:12.614258" elapsed="3.658551"/>
</kw>
<arg>${Shop_page_load}</arg>
<status status="PASS" start="2024-12-29T22:11:12.614064" elapsed="3.658869"/>
</kw>
<status status="PASS" start="2024-12-29T22:11:12.613835" elapsed="3.659163"/>
</kw>
<kw name="Verify item titles on the shopping page" owner="ShopPage">
<kw name="Create List" owner="BuiltIn">
<msg time="2024-12-29T22:11:16.273898" level="INFO">@{expectedList} = [ iphone X | Samsung Note 8 | Nokia Edge | Blackberry ]</msg>
<var>@{expectedList}</var>
<arg>iphone X</arg>
<arg>Samsung Note 8</arg>
<arg>Nokia Edge</arg>
<arg>Blackberry</arg>
<doc>Returns a list containing given items.</doc>
<status status="PASS" start="2024-12-29T22:11:16.273722" elapsed="0.000205"/>
</kw>
<kw name="Get WebElements" owner="SeleniumLibrary">
<msg time="2024-12-29T22:11:16.282822" level="INFO">${elements} = [&lt;selenium.webdriver.remote.webelement.WebElement (session="c43faaca6911e69edfa8b5244ac74481", element="f.B5C61E7AE030CB29F6AA01585B55CD4B.d.3C6EDB76CEE888C7AD77FE88C4F22AB4.e.88")&gt;, &lt;selenium.webdriv...</msg>
<var>${elements}</var>
<arg>css:.card-title</arg>
<doc>Returns a list of WebElement objects matching the ``locator``.</doc>
<status status="PASS" start="2024-12-29T22:11:16.274054" elapsed="0.008824"/>
</kw>
<kw name="Create List" owner="BuiltIn">
<msg time="2024-12-29T22:11:16.283282" level="INFO">@{actualList} = [ ]</msg>
<var>@{actualList}</var>
<doc>Returns a list containing given items.</doc>
<status status="PASS" start="2024-12-29T22:11:16.283088" elapsed="0.000223"/>
</kw>
<for flavor="IN">
<iter>
<kw name="Log" owner="BuiltIn">
<msg time="2024-12-29T22:11:16.297001" level="INFO">iphone X</msg>
<arg>${element.text}</arg>
<doc>Logs the given message with the given level.</doc>
<status status="PASS" start="2024-12-29T22:11:16.283673" elapsed="0.013403"/>
</kw>
<kw name="Append To List" owner="Collections">
<arg>${actualList}</arg>
<arg>${element.text}</arg>
<doc>Adds ``values`` to the end of ``list``.</doc>
<status status="PASS" start="2024-12-29T22:11:16.297273" elapsed="0.008421"/>
</kw>
<var name="${element}">&lt;selenium.webdriver.remote.webelement.WebElement (session="c43faaca6911e69edfa8b5244ac74481", element="f.B5C61E7AE030CB29F6AA01585B55CD4B.d.3C6EDB76CEE888C7AD77FE88C4F22AB4.e.88")&gt;</var>
<status status="PASS" start="2024-12-29T22:11:16.283568" elapsed="0.022235"/>
</iter>
<iter>
<kw name="Log" owner="BuiltIn">
<msg time="2024-12-29T22:11:16.312577" level="INFO">Samsung Note 8</msg>
<arg>${element.text}</arg>
<doc>Logs the given message with the given level.</doc>
<status status="PASS" start="2024-12-29T22:11:16.306129" elapsed="0.006519"/>
</kw>
<kw name="Append To List" owner="Collections">
<arg>${actualList}</arg>
<arg>${element.text}</arg>
<doc>Adds ``values`` to the end of ``list``.</doc>
<status status="PASS" start="2024-12-29T22:11:16.312842" elapsed="0.007216"/>
</kw>
<var name="${element}">&lt;selenium.webdriver.remote.webelement.WebElement (session="c43faaca6911e69edfa8b5244ac74481", element="f.B5C61E7AE030CB29F6AA01585B55CD4B.d.3C6EDB76CEE888C7AD77FE88C4F22AB4.e.89")&gt;</var>
<status status="PASS" start="2024-12-29T22:11:16.305984" elapsed="0.014167"/>
</iter>
<iter>
<kw name="Log" owner="BuiltIn">
<msg time="2024-12-29T22:11:16.327958" level="INFO">Nokia Edge</msg>
<arg>${element.text}</arg>
<doc>Logs the given message with the given level.</doc>
<status status="PASS" start="2024-12-29T22:11:16.320441" elapsed="0.007591"/>
</kw>
<kw name="Append To List" owner="Collections">
<arg>${actualList}</arg>
<arg>${element.text}</arg>
<doc>Adds ``values`` to the end of ``list``.</doc>
<status status="PASS" start="2024-12-29T22:11:16.328220" elapsed="0.005916"/>
</kw>
<var name="${element}">&lt;selenium.webdriver.remote.webelement.WebElement (session="c43faaca6911e69edfa8b5244ac74481", element="f.B5C61E7AE030CB29F6AA01585B55CD4B.d.3C6EDB76CEE888C7AD77FE88C4F22AB4.e.90")&gt;</var>
<status status="PASS" start="2024-12-29T22:11:16.320316" elapsed="0.013972"/>
</iter>
<iter>
<kw name="Log" owner="BuiltIn">
<msg time="2024-12-29T22:11:16.341307" level="INFO">Blackberry</msg>
<arg>${element.text}</arg>
<doc>Logs the given message with the given level.</doc>
<status status="PASS" start="2024-12-29T22:11:16.334760" elapsed="0.006617"/>
</kw>
<kw name="Append To List" owner="Collections">
<arg>${actualList}</arg>
<arg>${element.text}</arg>
<doc>Adds ``values`` to the end of ``list``.</doc>
<status status="PASS" start="2024-12-29T22:11:16.341559" elapsed="0.005755"/>
</kw>
<var name="${element}">&lt;selenium.webdriver.remote.webelement.WebElement (session="c43faaca6911e69edfa8b5244ac74481", element="f.B5C61E7AE030CB29F6AA01585B55CD4B.d.3C6EDB76CEE888C7AD77FE88C4F22AB4.e.91")&gt;</var>
<status status="PASS" start="2024-12-29T22:11:16.334593" elapsed="0.012813"/>
</iter>
<var>${element}</var>
<value>@{elements}</value>
<status status="PASS" start="2024-12-29T22:11:16.283393" elapsed="0.064075"/>
</for>
<kw name="Lists Should Be Equal" owner="Collections">
<arg>${expectedList}</arg>
<arg>${actualList}</arg>
<doc>Fails if given lists are unequal.</doc>
<status status="PASS" start="2024-12-29T22:11:16.347639" elapsed="0.000569"/>
</kw>
<status status="PASS" start="2024-12-29T22:11:16.273452" elapsed="0.074846"/>
</kw>
<kw name="Add Item To Cart And Checkout" owner="Shop">
<msg time="2024-12-29T22:11:16.373618" level="INFO">Clicking button 'xpath:(//*[@class='card-footer'])[3]/button'.</msg>
<msg time="2024-12-29T22:11:16.448739" level="INFO">Clicking button 'xpath:(//*[@class='card-footer'])[4]/button'.</msg>
<msg time="2024-12-29T22:11:16.516017" level="INFO">Clicking link 'css:li.active a'.</msg>
<arg>${listofProducts}</arg>
<status status="PASS" start="2024-12-29T22:11:16.348733" elapsed="0.227884"/>
</kw>
<kw name="Verify items on checkout page and proceed" owner="CheckoutPage">
<kw name="Click Element" owner="SeleniumLibrary">
<msg time="2024-12-29T22:11:16.577478" level="INFO">Clicking element 'css:td .btn-success'.</msg>
<arg>css:td .btn-success</arg>
<doc>Click the element identified by ``locator``.</doc>
<status status="PASS" start="2024-12-29T22:11:16.577329" elapsed="0.064772"/>
</kw>
<status status="PASS" start="2024-12-29T22:11:16.577067" elapsed="0.065178"/>
</kw>
<kw name="Enter country" owner="ConfirmationPage">
<kw name="Input Text" owner="SeleniumLibrary">
<msg time="2024-12-29T22:11:16.643470" level="INFO">Typing text 'India' into text field 'country'.</msg>
<arg>country</arg>
<arg>${country_name}</arg>
<doc>Types the given ``text`` into the text field identified by ``locator``.</doc>
<status status="PASS" start="2024-12-29T22:11:16.643272" elapsed="0.093916"/>
</kw>
<kw name="Wait until element passed is located on page" owner="Generic">
<kw name="Wait Until Element Is Visible" owner="SeleniumLibrary">
<arg>${page_locator}</arg>
<doc>Waits until the element ``locator`` is visible.</doc>
<status status="PASS" start="2024-12-29T22:11:16.737869" elapsed="5.023221"/>
</kw>
<arg>//a[text()='${country_name}']</arg>
<status status="PASS" start="2024-12-29T22:11:16.737441" elapsed="5.023805"/>
</kw>
<kw name="Sleep" owner="BuiltIn">
<msg time="2024-12-29T22:11:24.762052" level="INFO">Slept 3 seconds.</msg>
<arg>3</arg>
<doc>Pauses the test executed for the given time.</doc>
<status status="PASS" start="2024-12-29T22:11:21.761448" elapsed="3.000935"/>
</kw>
<kw name="Click Element" owner="SeleniumLibrary">
<msg time="2024-12-29T22:11:24.763495" level="INFO">Clicking element '//a[text()='India']'.</msg>
<arg>//a[text()='${country_name}']</arg>
<doc>Click the element identified by ``locator``.</doc>
<status status="PASS" start="2024-12-29T22:11:24.762913" elapsed="0.057742"/>
</kw>
<kw name="Click Element" owner="SeleniumLibrary">
<msg time="2024-12-29T22:11:24.821084" level="INFO">Clicking element 'css:.checkbox label'.</msg>
<arg>css:.checkbox label</arg>
<doc>Click the element identified by ``locator``.</doc>
<status status="PASS" start="2024-12-29T22:11:24.820879" elapsed="0.067060"/>
</kw>
<arg>${country_name}</arg>
<status status="PASS" start="2024-12-29T22:11:16.642884" elapsed="8.245243"/>
</kw>
<kw name="Purchase order and confirm the purchase message" owner="ConfirmationPage">
<kw name="Click Button" owner="SeleniumLibrary">
<msg time="2024-12-29T22:11:24.888995" level="INFO">Clicking button 'css:.btn-success'.</msg>
<arg>css:.btn-success</arg>
<doc>Clicks the button identified by ``locator``.</doc>
<status status="PASS" start="2024-12-29T22:11:24.888846" elapsed="0.081025"/>
</kw>
<kw name="Page Should Contain" owner="SeleniumLibrary">
<msg time="2024-12-29T22:11:24.986159" level="INFO">Current page contains text 'Success'.</msg>
<arg>Success</arg>
<doc>Verifies that current page contains ``text``.</doc>
<status status="PASS" start="2024-12-29T22:11:24.970153" elapsed="0.016123"/>
</kw>
<status status="PASS" start="2024-12-29T22:11:24.888581" elapsed="0.097803"/>
</kw>
<kw name="Close Browser Session" owner="Generic" type="TEARDOWN">
<kw name="Close Browser" owner="SeleniumLibrary">
<doc>Closes the current browser.</doc>
<status status="PASS" start="2024-12-29T22:11:24.987409" elapsed="2.341892"/>
</kw>
<status status="PASS" start="2024-12-29T22:11:24.987111" elapsed="2.342531"/>
</kw>
<status status="PASS" start="2024-12-29T22:11:09.913830" elapsed="17.417065"/>
</test>
<doc>To validate the login form</doc>
<status status="PASS" start="2024-12-29T22:11:09.600199" elapsed="17.733321"/>
</suite>
<statistics>
<total>
<stat pass="1" fail="0" skip="0">All Tests</stat>
</total>
<tag>
</tag>
<suite>
<stat pass="1" fail="0" skip="0" id="s1" name="testDemo6">testDemo6</stat>
</suite>
</statistics>
<errors>
</errors>
</robot>
