<?xml version="1.0" encoding="UTF-8"?>
<robot generator="Robot 7.1.1 (Python 3.13.1 on win32)" generated="2024-12-17T02:17:15.661713" rpa="false" schemaversion="5">
<suite id="s1" name="testDemo6" source="C:\Users\dell\PycharmProjects\RobotFramework\tests\testDemo6.robot">
<test id="s1-t1" name="Validate Cards displayed in the shopping page" line="23">
<kw name="open the browser with Mortgage payment url" owner="resource" type="SETUP">
<kw name="Create Webdriver" owner="SeleniumLibrary">
<msg time="2024-12-17T02:17:15.901432" level="INFO">Creating an instance of the Chrome WebDriver.</msg>
<arg>Chrome</arg>
<doc>Creates an instance of Selenium WebDriver.</doc>
<status status="PASS" start="2024-12-17T02:17:15.901331" elapsed="1.411576"/>
</kw>
<kw name="Go To" owner="SeleniumLibrary">
<msg time="2024-12-17T02:17:17.313281" level="INFO">Opening url 'https://rahulshettyacademy.com/loginpagePractise/'</msg>
<arg>${url}</arg>
<doc>Navigates the current browser window to the provided ``url``.</doc>
<status status="PASS" start="2024-12-17T02:17:17.313124" elapsed="0.492190"/>
</kw>
<status status="PASS" start="2024-12-17T02:17:15.900904" elapsed="1.904587"/>
</kw>
<kw name="Fill the login form">
<kw name="Input Text" owner="SeleniumLibrary">
<msg time="2024-12-17T02:17:17.806876" level="INFO">Typing text 'rahulshettyacademy' into text field 'id:username'.</msg>
<arg>id:username</arg>
<arg>${username}</arg>
<doc>Types the given ``text`` into the text field identified by ``locator``.</doc>
<status status="PASS" start="2024-12-17T02:17:17.806554" elapsed="0.151551"/>
</kw>
<kw name="Input Password" owner="SeleniumLibrary">
<msg time="2024-12-17T02:17:17.958455" level="INFO">Typing password into text field 'id:password'.</msg>
<msg time="2024-12-17T02:17:17.984368" level="INFO">Temporally setting log level to: NONE</msg>
<arg>id:password</arg>
<arg>${password}</arg>
<doc>Types the given password into the text field identified by ``locator``.</doc>
<status status="PASS" start="2024-12-17T02:17:17.958268" elapsed="0.074599"/>
</kw>
<kw name="Click Button" owner="SeleniumLibrary">
<msg time="2024-12-17T02:17:18.033172" level="INFO">Clicking button 'signInBtn'.</msg>
<arg>signInBtn</arg>
<doc>Clicks the button identified by ``locator``.</doc>
<status status="PASS" start="2024-12-17T02:17:18.033029" elapsed="0.057294"/>
</kw>
<arg>${user_name}</arg>
<arg>${valid_password}</arg>
<status status="PASS" start="2024-12-17T02:17:17.805909" elapsed="0.284517"/>
</kw>
<kw name="Wait until element is located on the page">
<kw name="Wait Until Element Is Visible" owner="SeleniumLibrary">
<arg>${element}</arg>
<doc>Waits until the element ``locator`` is visible.</doc>
<status status="PASS" start="2024-12-17T02:17:18.091142" elapsed="3.501371"/>
</kw>
<arg>${Shop_page_load}</arg>
<status status="PASS" start="2024-12-17T02:17:18.090883" elapsed="3.501803"/>
</kw>
<kw name="Verify item titles on the shopping page">
<kw name="Create List" owner="BuiltIn">
<msg time="2024-12-17T02:17:21.593746" level="INFO">@{expectedList} = [ iphone X | Samsung Note 8 | Nokia Edge | Blackberry ]</msg>
<var>@{expectedList}</var>
<arg>iphone X</arg>
<arg>Samsung Note 8</arg>
<arg>Nokia Edge</arg>
<arg>Blackberry</arg>
<doc>Returns a list containing given items.</doc>
<status status="PASS" start="2024-12-17T02:17:21.593407" elapsed="0.000381"/>
</kw>
<kw name="Get WebElements" owner="SeleniumLibrary">
<msg time="2024-12-17T02:17:21.604487" level="INFO">${elements} = [&lt;selenium.webdriver.remote.webelement.WebElement (session="56ea685ffe079c602236231865c150d6", element="f.DD39EF3874A764A522BDC882DA633553.d.297CE9C9E64B67328125F325701CE3DD.e.69")&gt;, &lt;selenium.webdriv...</msg>
<var>${elements}</var>
<arg>css:.card-title</arg>
<doc>Returns a list of WebElement objects matching the ``locator``.</doc>
<status status="PASS" start="2024-12-17T02:17:21.594031" elapsed="0.010505"/>
</kw>
<kw name="Create List" owner="BuiltIn">
<msg time="2024-12-17T02:17:21.604874" level="INFO">@{actualList} = [ ]</msg>
<var>@{actualList}</var>
<doc>Returns a list containing given items.</doc>
<status status="PASS" start="2024-12-17T02:17:21.604715" elapsed="0.000186"/>
</kw>
<for flavor="IN">
<iter>
<kw name="Log" owner="BuiltIn">
<msg time="2024-12-17T02:17:21.620068" level="INFO">iphone X</msg>
<arg>${element.text}</arg>
<doc>Logs the given message with the given level.</doc>
<status status="PASS" start="2024-12-17T02:17:21.605243" elapsed="0.014918"/>
</kw>
<kw name="Append To List" owner="Collections">
<arg>${actualList}</arg>
<arg>${element.text}</arg>
<doc>Adds ``values`` to the end of ``list``.</doc>
<status status="PASS" start="2024-12-17T02:17:21.620357" elapsed="0.009789"/>
</kw>
<var name="${element}">&lt;selenium.webdriver.remote.webelement.WebElement (session="56ea685ffe079c602236231865c150d6", element="f.DD39EF3874A764A522BDC882DA633553.d.297CE9C9E64B67328125F325701CE3DD.e.69")&gt;</var>
<status status="PASS" start="2024-12-17T02:17:21.605147" elapsed="0.025096"/>
</iter>
<iter>
<kw name="Log" owner="BuiltIn">
<msg time="2024-12-17T02:17:21.638287" level="INFO">Samsung Note 8</msg>
<arg>${element.text}</arg>
<doc>Logs the given message with the given level.</doc>
<status status="PASS" start="2024-12-17T02:17:21.630539" elapsed="0.007863"/>
</kw>
<kw name="Append To List" owner="Collections">
<arg>${actualList}</arg>
<arg>${element.text}</arg>
<doc>Adds ``values`` to the end of ``list``.</doc>
<status status="PASS" start="2024-12-17T02:17:21.638698" elapsed="0.011962"/>
</kw>
<var name="${element}">&lt;selenium.webdriver.remote.webelement.WebElement (session="56ea685ffe079c602236231865c150d6", element="f.DD39EF3874A764A522BDC882DA633553.d.297CE9C9E64B67328125F325701CE3DD.e.70")&gt;</var>
<status status="PASS" start="2024-12-17T02:17:21.630413" elapsed="0.020366"/>
</iter>
<iter>
<kw name="Log" owner="BuiltIn">
<msg time="2024-12-17T02:17:21.659212" level="INFO">Nokia Edge</msg>
<arg>${element.text}</arg>
<doc>Logs the given message with the given level.</doc>
<status status="PASS" start="2024-12-17T02:17:21.651092" elapsed="0.008294"/>
</kw>
<kw name="Append To List" owner="Collections">
<arg>${actualList}</arg>
<arg>${element.text}</arg>
<doc>Adds ``values`` to the end of ``list``.</doc>
<status status="PASS" start="2024-12-17T02:17:21.659594" elapsed="0.007796"/>
</kw>
<var name="${element}">&lt;selenium.webdriver.remote.webelement.WebElement (session="56ea685ffe079c602236231865c150d6", element="f.DD39EF3874A764A522BDC882DA633553.d.297CE9C9E64B67328125F325701CE3DD.e.71")&gt;</var>
<status status="PASS" start="2024-12-17T02:17:21.650965" elapsed="0.016519"/>
</iter>
<iter>
<kw name="Log" owner="BuiltIn">
<msg time="2024-12-17T02:17:21.677896" level="INFO">Blackberry</msg>
<arg>${element.text}</arg>
<doc>Logs the given message with the given level.</doc>
<status status="PASS" start="2024-12-17T02:17:21.667755" elapsed="0.010211"/>
</kw>
<kw name="Append To List" owner="Collections">
<arg>${actualList}</arg>
<arg>${element.text}</arg>
<doc>Adds ``values`` to the end of ``list``.</doc>
<status status="PASS" start="2024-12-17T02:17:21.678139" elapsed="0.006384"/>
</kw>
<var name="${element}">&lt;selenium.webdriver.remote.webelement.WebElement (session="56ea685ffe079c602236231865c150d6", element="f.DD39EF3874A764A522BDC882DA633553.d.297CE9C9E64B67328125F325701CE3DD.e.72")&gt;</var>
<status status="PASS" start="2024-12-17T02:17:21.667632" elapsed="0.016977"/>
</iter>
<var>${element}</var>
<value>@{elements}</value>
<status status="PASS" start="2024-12-17T02:17:21.604978" elapsed="0.079692"/>
</for>
<kw name="Lists Should Be Equal" owner="Collections">
<arg>${expectedList}</arg>
<arg>${actualList}</arg>
<doc>Fails if given lists are unequal.</doc>
<status status="PASS" start="2024-12-17T02:17:21.684827" elapsed="0.000202"/>
</kw>
<status status="PASS" start="2024-12-17T02:17:21.593194" elapsed="0.091909"/>
</kw>
<kw name="Hello World" owner="Shop">
<msg time="2024-12-17T02:17:21.685635" level="INFO">Hello World</msg>
<status status="PASS" start="2024-12-17T02:17:21.685457" elapsed="0.000243"/>
</kw>
<kw name="Add Item To Cart And Checkout" owner="Shop">
<msg time="2024-12-17T02:17:21.711269" level="INFO">Clicking button 'xpath:(//*[@class='card-footer'])[3]/button'.</msg>
<msg time="2024-12-17T02:17:21.788515" level="INFO">Clicking button 'xpath:(//*[@class='card-footer'])[4]/button'.</msg>
<arg>${listofProducts}</arg>
<status status="PASS" start="2024-12-17T02:17:21.686419" elapsed="0.160278"/>
</kw>
<kw name="Close Browser Session" owner="resource" type="TEARDOWN">
<kw name="Close Browser" owner="SeleniumLibrary">
<doc>Closes the current browser.</doc>
<status status="PASS" start="2024-12-17T02:17:21.847437" elapsed="2.354609"/>
</kw>
<status status="PASS" start="2024-12-17T02:17:21.847155" elapsed="2.355376"/>
</kw>
<status status="PASS" start="2024-12-17T02:17:15.900168" elapsed="8.303410"/>
</test>
<doc>To validate the login form</doc>
<status status="PASS" start="2024-12-17T02:17:15.662915" elapsed="8.544826"/>
</suite>
<statistics>
<total>
<stat pass="1" fail="0" skip="0">All Tests</stat>
</total>
<tag>
</tag>
<suite>
<stat pass="1" fail="0" skip="0" id="s1" name="testDemo6">testDemo6</stat>
</suite>
</statistics>
<errors>
</errors>
</robot>
