<?xml version="1.0" encoding="UTF-8"?>
<robot generator="Robot 7.1.1 (Python 3.13.1 on win32)" generated="2024-12-15T19:09:00.213648" rpa="false" schemaversion="5">
<suite id="s1" name="testDemo4" source="C:\Users\dell\PycharmProjects\RobotFramework\tests\testDemo4.robot">
<test id="s1-t1" name="Invalid username" line="12">
<kw name="Validate Successful Login">
<kw name="open the browser with Mortgage payment url">
<kw name="Create Webdriver" owner="SeleniumLibrary">
<msg time="2024-12-15T19:09:00.532567" level="INFO">Creating an instance of the Chrome WebDriver.</msg>
<arg>Chrome</arg>
<doc>Creates an instance of Selenium WebDriver.</doc>
<status status="PASS" start="2024-12-15T19:09:00.532472" elapsed="2.813245"/>
</kw>
<kw name="Go To" owner="SeleniumLibrary">
<msg time="2024-12-15T19:09:03.346019" level="INFO">Opening url 'https://rahulshettyacademy.com/loginpagePractise/'</msg>
<arg>https://rahulshettyacademy.com/loginpagePractise/</arg>
<doc>Navigates the current browser window to the provided ``url``.</doc>
<status status="PASS" start="2024-12-15T19:09:03.345910" elapsed="0.600357"/>
</kw>
<status status="PASS" start="2024-12-15T19:09:00.532126" elapsed="3.414304"/>
</kw>
<kw name="Fill the login form">
<kw name="Input Text" owner="SeleniumLibrary">
<msg time="2024-12-15T19:09:03.947221" level="INFO">Typing text 'dsahed' into text field 'id:username'.</msg>
<arg>id:username</arg>
<arg>${username}</arg>
<doc>Types the given ``text`` into the text field identified by ``locator``.</doc>
<status status="PASS" start="2024-12-15T19:09:03.946963" elapsed="0.121911"/>
</kw>
<kw name="Input Password" owner="SeleniumLibrary">
<msg time="2024-12-15T19:09:04.069235" level="INFO">Typing password into text field 'id:password'.</msg>
<msg time="2024-12-15T19:09:04.097255" level="INFO">Temporally setting log level to: NONE</msg>
<arg>id:password</arg>
<arg>${password}</arg>
<doc>Types the given password into the text field identified by ``locator``.</doc>
<status status="PASS" start="2024-12-15T19:09:04.069036" elapsed="0.111962"/>
</kw>
<kw name="Click Button" owner="SeleniumLibrary">
<msg time="2024-12-15T19:09:04.181280" level="INFO">Clicking button 'signInBtn'.</msg>
<arg>signInBtn</arg>
<doc>Clicks the button identified by ``locator``.</doc>
<status status="PASS" start="2024-12-15T19:09:04.181145" elapsed="0.062259"/>
</kw>
<arg>${username}</arg>
<arg>${password}</arg>
<status status="PASS" start="2024-12-15T19:09:03.946679" elapsed="0.296827"/>
</kw>
<kw name="wait until it checks and displays error message">
<kw name="Wait Until Element Is Visible" owner="SeleniumLibrary">
<arg>css:.alert-danger</arg>
<doc>Waits until the element ``locator`` is visible.</doc>
<status status="PASS" start="2024-12-15T19:09:04.243828" elapsed="2.192443"/>
</kw>
<status status="PASS" start="2024-12-15T19:09:04.243641" elapsed="2.192761"/>
</kw>
<kw name="verify error message is correct">
<kw name="Get Text" owner="SeleniumLibrary">
<msg time="2024-12-15T19:09:06.451182" level="INFO">${result} = Incorrect username/password.</msg>
<var>${result}</var>
<arg>${Error_message_login}</arg>
<doc>Returns the text value of the element identified by ``locator``.</doc>
<status status="PASS" start="2024-12-15T19:09:06.436799" elapsed="0.014427"/>
</kw>
<kw name="Should Be Equal As Strings" owner="BuiltIn">
<arg>${result}</arg>
<arg>Incorrect username/password.</arg>
<doc>Fails if objects are unequal after converting them to strings.</doc>
<status status="PASS" start="2024-12-15T19:09:06.451388" elapsed="0.000270"/>
</kw>
<status status="PASS" start="2024-12-15T19:09:06.436564" elapsed="0.015178"/>
</kw>
<arg>dsahed</arg>
<arg>learning</arg>
<status status="PASS" start="2024-12-15T19:09:00.531883" elapsed="5.919918"/>
</kw>
<status status="PASS" start="2024-12-15T19:09:00.531280" elapsed="5.920843"/>
</test>
<test id="s1-t2" name="Invalid password" line="13">
<kw name="Validate Successful Login">
<kw name="open the browser with Mortgage payment url">
<kw name="Create Webdriver" owner="SeleniumLibrary">
<msg time="2024-12-15T19:09:06.453911" level="INFO">Creating an instance of the Chrome WebDriver.</msg>
<arg>Chrome</arg>
<doc>Creates an instance of Selenium WebDriver.</doc>
<status status="PASS" start="2024-12-15T19:09:06.453768" elapsed="1.403898"/>
</kw>
<kw name="Go To" owner="SeleniumLibrary">
<msg time="2024-12-15T19:09:07.857962" level="INFO">Opening url 'https://rahulshettyacademy.com/loginpagePractise/'</msg>
<arg>https://rahulshettyacademy.com/loginpagePractise/</arg>
<doc>Navigates the current browser window to the provided ``url``.</doc>
<status status="PASS" start="2024-12-15T19:09:07.857847" elapsed="0.294939"/>
</kw>
<status status="PASS" start="2024-12-15T19:09:06.453453" elapsed="1.699511"/>
</kw>
<kw name="Fill the login form">
<kw name="Input Text" owner="SeleniumLibrary">
<msg time="2024-12-15T19:09:08.154022" level="INFO">Typing text 'rahulshetty' into text field 'id:username'.</msg>
<arg>id:username</arg>
<arg>${username}</arg>
<doc>Types the given ``text`` into the text field identified by ``locator``.</doc>
<status status="PASS" start="2024-12-15T19:09:08.153767" elapsed="0.137339"/>
</kw>
<kw name="Input Password" owner="SeleniumLibrary">
<msg time="2024-12-15T19:09:08.291504" level="INFO">Typing password into text field 'id:password'.</msg>
<msg time="2024-12-15T19:09:08.320020" level="INFO">Temporally setting log level to: NONE</msg>
<arg>id:password</arg>
<arg>${password}</arg>
<doc>Types the given password into the text field identified by ``locator``.</doc>
<status status="PASS" start="2024-12-15T19:09:08.291273" elapsed="0.082331"/>
</kw>
<kw name="Click Button" owner="SeleniumLibrary">
<msg time="2024-12-15T19:09:08.373978" level="INFO">Clicking button 'signInBtn'.</msg>
<arg>signInBtn</arg>
<doc>Clicks the button identified by ``locator``.</doc>
<status status="PASS" start="2024-12-15T19:09:08.373809" elapsed="0.064477"/>
</kw>
<arg>${username}</arg>
<arg>${password}</arg>
<status status="PASS" start="2024-12-15T19:09:08.153211" elapsed="0.285207"/>
</kw>
<kw name="wait until it checks and displays error message">
<kw name="Wait Until Element Is Visible" owner="SeleniumLibrary">
<arg>css:.alert-danger</arg>
<doc>Waits until the element ``locator`` is visible.</doc>
<status status="PASS" start="2024-12-15T19:09:08.439050" elapsed="2.202374"/>
</kw>
<status status="PASS" start="2024-12-15T19:09:08.438640" elapsed="2.202900"/>
</kw>
<kw name="verify error message is correct">
<kw name="Get Text" owner="SeleniumLibrary">
<msg time="2024-12-15T19:09:10.655697" level="INFO">${result} = Incorrect username/password.</msg>
<var>${result}</var>
<arg>${Error_message_login}</arg>
<doc>Returns the text value of the element identified by ``locator``.</doc>
<status status="PASS" start="2024-12-15T19:09:10.641927" elapsed="0.013813"/>
</kw>
<kw name="Should Be Equal As Strings" owner="BuiltIn">
<arg>${result}</arg>
<arg>Incorrect username/password.</arg>
<doc>Fails if objects are unequal after converting them to strings.</doc>
<status status="PASS" start="2024-12-15T19:09:10.655897" elapsed="0.000186"/>
</kw>
<status status="PASS" start="2024-12-15T19:09:10.641696" elapsed="0.014465"/>
</kw>
<arg>rahulshetty</arg>
<arg>psjfrhf</arg>
<status status="PASS" start="2024-12-15T19:09:06.453120" elapsed="4.203095"/>
</kw>
<status status="PASS" start="2024-12-15T19:09:06.452616" elapsed="4.204095"/>
</test>
<test id="s1-t3" name="special characters" line="14">
<kw name="Validate Successful Login">
<kw name="open the browser with Mortgage payment url">
<kw name="Create Webdriver" owner="SeleniumLibrary">
<msg time="2024-12-15T19:09:10.659047" level="INFO">Creating an instance of the Chrome WebDriver.</msg>
<arg>Chrome</arg>
<doc>Creates an instance of Selenium WebDriver.</doc>
<status status="PASS" start="2024-12-15T19:09:10.658929" elapsed="1.393907"/>
</kw>
<kw name="Go To" owner="SeleniumLibrary">
<msg time="2024-12-15T19:09:12.053158" level="INFO">Opening url 'https://rahulshettyacademy.com/loginpagePractise/'</msg>
<arg>https://rahulshettyacademy.com/loginpagePractise/</arg>
<doc>Navigates the current browser window to the provided ``url``.</doc>
<status status="PASS" start="2024-12-15T19:09:12.053032" elapsed="0.637486"/>
</kw>
<status status="PASS" start="2024-12-15T19:09:10.658665" elapsed="2.032072"/>
</kw>
<kw name="Fill the login form">
<kw name="Input Text" owner="SeleniumLibrary">
<msg time="2024-12-15T19:09:12.691788" level="INFO">Typing text '@#$' into text field 'id:username'.</msg>
<arg>id:username</arg>
<arg>${username}</arg>
<doc>Types the given ``text`` into the text field identified by ``locator``.</doc>
<status status="PASS" start="2024-12-15T19:09:12.691540" elapsed="0.111128"/>
</kw>
<kw name="Input Password" owner="SeleniumLibrary">
<msg time="2024-12-15T19:09:12.803211" level="INFO">Typing password into text field 'id:password'.</msg>
<msg time="2024-12-15T19:09:12.835142" level="INFO">Temporally setting log level to: NONE</msg>
<arg>id:password</arg>
<arg>${password}</arg>
<doc>Types the given password into the text field identified by ``locator``.</doc>
<status status="PASS" start="2024-12-15T19:09:12.802911" elapsed="0.087127"/>
</kw>
<kw name="Click Button" owner="SeleniumLibrary">
<msg time="2024-12-15T19:09:12.890333" level="INFO">Clicking button 'signInBtn'.</msg>
<arg>signInBtn</arg>
<doc>Clicks the button identified by ``locator``.</doc>
<status status="PASS" start="2024-12-15T19:09:12.890190" elapsed="0.071552"/>
</kw>
<arg>${username}</arg>
<arg>${password}</arg>
<status status="PASS" start="2024-12-15T19:09:12.691036" elapsed="0.270857"/>
</kw>
<kw name="wait until it checks and displays error message">
<kw name="Wait Until Element Is Visible" owner="SeleniumLibrary">
<arg>css:.alert-danger</arg>
<doc>Waits until the element ``locator`` is visible.</doc>
<status status="PASS" start="2024-12-15T19:09:12.962363" elapsed="2.185255"/>
</kw>
<status status="PASS" start="2024-12-15T19:09:12.962101" elapsed="2.185636"/>
</kw>
<kw name="verify error message is correct">
<kw name="Get Text" owner="SeleniumLibrary">
<msg time="2024-12-15T19:09:15.162872" level="INFO">${result} = Incorrect username/password.</msg>
<var>${result}</var>
<arg>${Error_message_login}</arg>
<doc>Returns the text value of the element identified by ``locator``.</doc>
<status status="PASS" start="2024-12-15T19:09:15.148087" elapsed="0.014830"/>
</kw>
<kw name="Should Be Equal As Strings" owner="BuiltIn">
<arg>${result}</arg>
<arg>Incorrect username/password.</arg>
<doc>Fails if objects are unequal after converting them to strings.</doc>
<status status="PASS" start="2024-12-15T19:09:15.163091" elapsed="0.000288"/>
</kw>
<status status="PASS" start="2024-12-15T19:09:15.147876" elapsed="0.015657"/>
</kw>
<arg>@#$</arg>
<arg>learning</arg>
<status status="PASS" start="2024-12-15T19:09:10.658239" elapsed="4.505384"/>
</kw>
<status status="PASS" start="2024-12-15T19:09:10.657676" elapsed="4.506198"/>
</test>
<doc>To validate the login form</doc>
<status status="PASS" start="2024-12-15T19:09:00.215043" elapsed="14.949622"/>
</suite>
<statistics>
<total>
<stat pass="3" fail="0" skip="0">All Tests</stat>
</total>
<tag>
</tag>
<suite>
<stat pass="3" fail="0" skip="0" id="s1" name="testDemo4">testDemo4</stat>
</suite>
</statistics>
<errors>
</errors>
</robot>
