<?xml version="1.0" encoding="UTF-8"?>
<robot generator="Robot 7.1.1 (Python 3.13.1 on win32)" generated="2024-12-15T00:16:23.225587" rpa="false" schemaversion="5">
<suite id="s1" name="testDemo2" source="C:\Users\dell\PycharmProjects\RobotFramework\tests\testDemo2.robot">
<test id="s1-t1" name="Select the form and navigate to child window" line="27">
<kw name="open the browser with Mortgage payment url" owner="resource" type="SETUP">
<kw name="Create Webdriver" owner="SeleniumLibrary">
<msg time="2024-12-15T00:16:23.571953" level="INFO">Creating an instance of the Chrome WebDriver.</msg>
<arg>Chrome</arg>
<doc>Creates an instance of Selenium WebDriver.</doc>
<status status="PASS" start="2024-12-15T00:16:23.571814" elapsed="2.472020"/>
</kw>
<kw name="Go To" owner="SeleniumLibrary">
<msg time="2024-12-15T00:16:26.044164" level="INFO">Opening url 'https://rahulshettyacademy.com/loginpagePractise/'</msg>
<arg>${url}</arg>
<doc>Navigates the current browser window to the provided ``url``.</doc>
<status status="PASS" start="2024-12-15T00:16:26.044015" elapsed="0.529039"/>
</kw>
<status status="PASS" start="2024-12-15T00:16:23.571231" elapsed="3.002034"/>
</kw>
<kw name="Fill the login details and choose user types">
<kw name="Input Text" owner="SeleniumLibrary">
<msg time="2024-12-15T00:16:26.574533" level="INFO">Typing text 'rahulshettyacademy' into text field 'id:username'.</msg>
<arg>id:username</arg>
<arg>rahulshettyacademy</arg>
<doc>Types the given ``text`` into the text field identified by ``locator``.</doc>
<status status="PASS" start="2024-12-15T00:16:26.574095" elapsed="0.174827"/>
</kw>
<kw name="Input Password" owner="SeleniumLibrary">
<msg time="2024-12-15T00:16:26.749243" level="INFO">Typing password into text field 'id:password'.</msg>
<msg time="2024-12-15T00:16:26.774054" level="INFO">Temporally setting log level to: NONE</msg>
<arg>id:password</arg>
<arg>learning</arg>
<doc>Types the given password into the text field identified by ``locator``.</doc>
<status status="PASS" start="2024-12-15T00:16:26.749083" elapsed="0.082434"/>
</kw>
<kw name="Click Element" owner="SeleniumLibrary">
<msg time="2024-12-15T00:16:26.831822" level="INFO">Clicking element 'css:input[value='user']'.</msg>
<arg>css:input[value='user']</arg>
<doc>Click the element identified by ``locator``.</doc>
<status status="PASS" start="2024-12-15T00:16:26.831668" elapsed="0.058787"/>
</kw>
<kw name="Wait Until Element Is Visible" owner="SeleniumLibrary">
<arg>css:.modal-body</arg>
<doc>Waits until the element ``locator`` is visible.</doc>
<status status="PASS" start="2024-12-15T00:16:26.890607" elapsed="0.238790"/>
</kw>
<kw name="Click Button" owner="SeleniumLibrary">
<msg time="2024-12-15T00:16:27.129691" level="INFO">Clicking button 'okayBtn'.</msg>
<arg>okayBtn</arg>
<doc>Clicks the button identified by ``locator``.</doc>
<status status="PASS" start="2024-12-15T00:16:27.129549" elapsed="0.063865"/>
</kw>
<kw name="Click Button" owner="SeleniumLibrary">
<msg time="2024-12-15T00:16:27.193703" level="INFO">Clicking button 'okayBtn'.</msg>
<arg>okayBtn</arg>
<doc>Clicks the button identified by ``locator``.</doc>
<status status="PASS" start="2024-12-15T00:16:27.193564" elapsed="0.054985"/>
</kw>
<kw name="Wait Until Element Is Not Visible" owner="SeleniumLibrary">
<arg>css:.modal-body</arg>
<doc>Waits until the element ``locator`` is not visible.</doc>
<status status="PASS" start="2024-12-15T00:16:27.248701" elapsed="0.236056"/>
</kw>
<kw name="Select From List By Value" owner="SeleniumLibrary">
<msg time="2024-12-15T00:16:27.485076" level="INFO">Selecting options from selection list 'css:select.form-control' by value teach.</msg>
<arg>css:select.form-control</arg>
<arg>teach</arg>
<doc>Selects options from selection list ``locator`` by ``values``.</doc>
<status status="PASS" start="2024-12-15T00:16:27.484914" elapsed="0.067737"/>
</kw>
<kw name="Select Checkbox" owner="SeleniumLibrary">
<msg time="2024-12-15T00:16:27.552952" level="INFO">Selecting checkbox 'id:terms'.</msg>
<arg>id:terms</arg>
<doc>Selects the checkbox identified by ``locator``.</doc>
<status status="PASS" start="2024-12-15T00:16:27.552806" elapsed="0.072793"/>
</kw>
<kw name="Checkbox Should Be Selected" owner="SeleniumLibrary">
<msg time="2024-12-15T00:16:27.625893" level="INFO">Verifying checkbox 'id:terms' is selected.</msg>
<arg>id:terms</arg>
<doc>Verifies checkbox ``locator`` is selected/checked.</doc>
<status status="PASS" start="2024-12-15T00:16:27.625748" elapsed="0.021661"/>
</kw>
<status status="PASS" start="2024-12-15T00:16:26.573743" elapsed="1.073774"/>
</kw>
<status status="PASS" start="2024-12-15T00:16:23.570456" elapsed="4.077436"/>
</test>
<doc>To validate the login form</doc>
<status status="PASS" start="2024-12-15T00:16:23.226873" elapsed="4.422033"/>
</suite>
<statistics>
<total>
<stat pass="1" fail="0" skip="0">All Tests</stat>
</total>
<tag>
</tag>
<suite>
<stat pass="1" fail="0" skip="0" id="s1" name="testDemo2">testDemo2</stat>
</suite>
</statistics>
<errors>
</errors>
</robot>
